<?xml version="1.0" encoding="UTF-8"?>
<!-- Generated by org.testng.reporters.JUnitReportReporter -->
<testsuite hostname="Navaishu" failures="0" tests="3" name="crmTests.LoginPageTest" time="59.658" errors="0" timestamp="2023-08-07T19:49:46 IST" skipped="0">
  <testcase classname="crmTests.LoginPageTest" name="validatloginTest" time="12.337"/>
  <system-out/>
  <testcase classname="crmTests.LoginPageTest" name="validateLogoTest" time="13.868"/>
  <system-out/>
  <testcase classname="crmTests.LoginPageTest" name="validateforgotPassword" time="33.453"/>
  <system-out/>
</testsuite> <!-- crmTests.LoginPageTest -->
