<?xml version="1.0" encoding="UTF-8"?>
<!-- Generated by org.testng.reporters.JUnitReportReporter -->
<testsuite hostname="Navaishu" failures="0" tests="1" name="testNG.AnnotationTest" time="0.002" errors="0" timestamp="2023-05-31T23:08:30 IST" skipped="0">
  <testcase classname="testNG.AnnotationTest" name="validateLoginTest" time="0.002"/>
  <system-out/>
</testsuite> <!-- testNG.AnnotationTest -->
